<?xml version="1.0" encoding="UTF-8"?>
<!-- Generated by org.testng.reporters.JUnitReportReporter -->
<testsuite hostname="user-PC" name="testCases.TC1_CreateAccount" tests="1" failures="0" timestamp="12 Feb 2020 12:38:01 GMT" time="15.893" errors="0">
  <testcase name="CreateUser" time="15.893" classname="testCases.TC1_CreateAccount"/>
</testsuite> <!-- testCases.TC1_CreateAccount -->
